
+================================================+
|This is a 3D Hexagonal lattice.                 |
|------------------------------------------------|
|Mean Pressure = 0.01 GPa                        |
|------------------------------------------------|
|Elastic constants:                              |
|C11 = 660.75 GPa                                |
|C12 = 77.67 GPa                                 |
|C13 = 120.08 GPa                                |
|C33 = 473.58 GPa                                |
|C44 = 267.27 GPa                                |
|------------------------------------------------|
|Elastic moduli:                                 |
|B_V = 270.08 GPa                                |
|B_R = 266.22 GPa                                |
|G_V = 263.70 GPa                                |
|G_R = 257.82 GPa                                |
|B_VRH = 268.15 GPa                              |
|G_VRH = 260.76 GPa                              |
|Young's modulus (E) = 590.78 GPa                |
|Possion's ratio (V) = 0.1328                    |
|------------------------------------------------|
|Sound velocity:                                 |
|V_S = 7.62 Km/s                                 |
|V_B = 7.73 Km/s                                 |
|V_P = 11.71 Km/s                                |
|V_M = 8.35 Km/s                                 |
|------------------------------------------------|
|Debye temperature:                              |
|T_D = 842.66 K                                  |
|------------------------------------------------|
|Elastic anisotropy:                             |
|A_U = 0.1286                                    |
|A_C = 0.0113                                    |
|------------------------------------------------|
|Structure stability analysis...                 |
|This structure is mechanically STABLE.          |
+================================================+

